[2017-11-21 11:53:27] production.DEBUG: exception 'Flarum\Http\Exception\RouteNotFoundException' in /data/www/fenghuolun/flarum/vendor/flarum/core/src/Http/Middleware/DispatchRoute.php:62
Stack trace:
#0 /data/www/fenghuolun/flarum/vendor/zendframework/zend-stratigility/src/Dispatch.php(212): Flarum\Http\Middleware\DispatchRoute->__invoke(Object(Zend\Stratigility\Http\Request), Object(Zend\Stratigility\Http\Response), Object(Zend\Stratigility\Next))
#1 /data/www/fenghuolun/flarum/vendor/zendframework/zend-stratigility/src/Dispatch.php(88): Zend\Stratigility\Dispatch->dispatchCallableMiddleware(Object(Flarum\Http\Middleware\DispatchRoute), Object(Zend\Stratigility\Next), Object(Zend\Stratigility\Http\Request), Object(Zend\Stratigility\Http\Response), NULL)
#2 /data/www/fenghuolun/flarum/vendor/zendframework/zend-stratigility/src/Next.php(160): Zend\Stratigility\Dispatch->__invoke(Object(Zend\Stratigility\Route), NULL, Object(Zend\Stratigility\Http\Request), Object(Zend\Stratigility\Http\Response), Object(Zend\Stratigility\Next))
#3 /data/www/fenghuolun/flarum/vendor/flarum/core/src/Http/Middleware/SetLocale.php(51): Zend\Stratigility\Next->__invoke(Object(Zend\Stratigility\Http\Request), Object(Zend\Stratigility\Http\Response))
#4 /data/www/fenghuolun/flarum/vendor/zendframework/zend-stratigility/src/Dispatch.php(212): Flarum\Http\Middleware\SetLocale->__invoke(Object(Zend\Stratigility\Http\Request), Object(Zend\Stratigility\Http\Response), Object(Zend\Stratigility\Next))
#5 /data/www/fenghuolun/flarum/vendor/zendframework/zend-stratigility/src/Dispatch.php(88): Zend\Stratigility\Dispatch->dispatchCallableMiddleware(Object(Flarum\Http\Middleware\SetLocale), Object(Zend\Stratigility\Next), Object(Zend\Stratigility\Http\Request), Object(Zend\Stratigility\Http\Response), NULL)
#6 /data/www/fenghuolun/flarum/vendor/zendframework/zend-stratigility/src/Next.php(160): Zend\Stratigility\Dispatch->__invoke(Object(Zend\Stratigility\Route), NULL, Object(Zend\Stratigility\Http\Request), Object(Zend\Stratigility\Http\Response), Object(Zend\Stratigility\Next))
#7 /data/www/fenghuolun/flarum/vendor/flarum/core/src/Http/Middleware/AuthenticateWithSession.php(36): Zend\Stratigility\Next->__invoke(Object(Zend\Stratigility\Http\Request), Object(Zend\Stratigility\Http\Response))
#8 /data/www/fenghuolun/flarum/vendor/zendframework/zend-stratigility/src/Dispatch.php(212): Flarum\Http\Middleware\AuthenticateWithSession->__invoke(Object(Zend\Stratigility\Http\Request), Object(Zend\Stratigility\Http\Response), Object(Zend\Stratigility\Next))
#9 /data/www/fenghuolun/flarum/vendor/zendframework/zend-stratigility/src/Dispatch.php(88): Zend\Stratigility\Dispatch->dispatchCallableMiddleware(Object(Flarum\Http\Middleware\AuthenticateWithSession), Object(Zend\Stratigility\Next), Object(Zend\Stratigility\Http\Request), Object(Zend\Stratigility\Http\Response), NULL)
#10 /data/www/fenghuolun/flarum/vendor/zendframework/zend-stratigility/src/Next.php(160): Zend\Stratigility\Dispatch->__invoke(Object(Zend\Stratigility\Route), NULL, Object(Zend\Stratigility\Http\Request), Object(Zend\Stratigility\Http\Response), Object(Zend\Stratigility\Next))
#11 /data/www/fenghuolun/flarum/vendor/flarum/core/src/Http/Middleware/RememberFromCookie.php(39): Zend\Stratigility\Next->__invoke(Object(Zend\Stratigility\Http\Request), Object(Zend\Stratigility\Http\Response))
#12 /data/www/fenghuolun/flarum/vendor/zendframework/zend-stratigility/src/Dispatch.php(212): Flarum\Http\Middleware\RememberFromCookie->__invoke(Object(Zend\Stratigility\Http\Request), Object(Zend\Stratigility\Http\Response), Object(Zend\Stratigility\Next))
#13 /data/www/fenghuolun/flarum/vendor/zendframework/zend-stratigility/src/Dispatch.php(88): Zend\Stratigility\Dispatch->dispatchCallableMiddleware(Object(Flarum\Http\Middleware\RememberFromCookie), Object(Zend\Stratigility\Next), Object(Zend\Stratigility\Http\Request), Object(Zend\Stratigility\Http\Response), NULL)
#14 /data/www/fenghuolun/flarum/vendor/zendframework/zend-stratigility/src/Next.php(160): Zend\Stratigility\Dispatch->__invoke(Object(Zend\Stratigility\Route), NULL, Object(Zend\Stratigility\Http\Request), Object(Zend\Stratigility\Http\Response), Object(Zend\Stratigility\Next))
#15 /data/www/fenghuolun/flarum/vendor/flarum/core/src/Http/Middleware/StartSession.php(48): Zend\Stratigility\Next->__invoke(Object(Zend\Stratigility\Http\Request), Object(Zend\Stratigility\Http\Response))
#16 /data/www/fenghuolun/flarum/vendor/zendframework/zend-stratigility/src/Dispatch.php(212): Flarum\Http\Middleware\StartSession->__invoke(Object(Zend\Stratigility\Http\Request), Object(Zend\Stratigility\Http\Response), Object(Zend\Stratigility\Next))
#17 /data/www/fenghuolun/flarum/vendor/zendframework/zend-stratigility/src/Dispatch.php(88): Zend\Stratigility\Dispatch->dispatchCallableMiddleware(Object(Flarum\Http\Middleware\StartSession), Object(Zend\Stratigility\Next), Object(Zend\Stratigility\Http\Request), Object(Zend\Stratigility\Http\Response), NULL)
#18 /data/www/fenghuolun/flarum/vendor/zendframework/zend-stratigility/src/Next.php(160): Zend\Stratigility\Dispatch->__invoke(Object(Zend\Stratigility\Route), NULL, Object(Zend\Stratigility\Http\Request), Object(Zend\Stratigility\Http\Response), Object(Zend\Stratigility\Next))
#19 /data/www/fenghuolun/flarum/vendor/flarum/core/src/Http/Middleware/ParseJsonBody.php(31): Zend\Stratigility\Next->__invoke(Object(Zend\Stratigility\Http\Request), Object(Zend\Stratigility\Http\Response))
#20 /data/www/fenghuolun/flarum/vendor/zendframework/zend-stratigility/src/Dispatch.php(212): Flarum\Http\Middleware\ParseJsonBody->__invoke(Object(Zend\Stratigility\Http\Request), Object(Zend\Stratigility\Http\Response), Object(Zend\Stratigility\Next))
#21 /data/www/fenghuolun/flarum/vendor/zendframework/zend-stratigility/src/Dispatch.php(88): Zend\Stratigility\Dispatch->dispatchCallableMiddleware(Object(Flarum\Http\Middleware\ParseJsonBody), Object(Zend\Stratigility\Next), Object(Zend\Stratigility\Http\Request), Object(Zend\Stratigility\Http\Response), NULL)
#22 /data/www/fenghuolun/flarum/vendor/zendframework/zend-stratigility/src/Next.php(160): Zend\Stratigility\Dispatch->__invoke(Object(Zend\Stratigility\Route), NULL, Object(Zend\Stratigility\Http\Request), Object(Zend\Stratigility\Http\Response), Object(Zend\Stratigility\Next))
#23 /data/www/fenghuolun/flarum/vendor/flarum/core/src/Http/Middleware/HandleErrors.php(61): Zend\Stratigility\Next->__invoke(Object(Zend\Stratigility\Http\Request), Object(Zend\Stratigility\Http\Response))
#24 /data/www/fenghuolun/flarum/vendor/zendframework/zend-stratigility/src/Dispatch.php(212): Flarum\Http\Middleware\HandleErrors->__invoke(Object(Zend\Stratigility\Http\Request), Object(Zend\Stratigility\Http\Response), Object(Zend\Stratigility\Next))
#25 /data/www/fenghuolun/flarum/vendor/zendframework/zend-stratigility/src/Dispatch.php(88): Zend\Stratigility\Dispatch->dispatchCallableMiddleware(Object(Flarum\Http\Middleware\HandleErrors), Object(Zend\Stratigility\Next), Object(Zend\Stratigility\Http\Request), Object(Zend\Stratigility\Http\Response), NULL)
#26 /data/www/fenghuolun/flarum/vendor/zendframework/zend-stratigility/src/Next.php(160): Zend\Stratigility\Dispatch->__invoke(Object(Zend\Stratigility\Route), NULL, Object(Zend\Stratigility\Http\Request), Object(Zend\Stratigility\Http\Response), Object(Zend\Stratigility\Next))
#27 /data/www/fenghuolun/flarum/vendor/zendframework/zend-stratigility/src/MiddlewarePipe.php(111): Zend\Stratigility\Next->__invoke(Object(Zend\Stratigility\Http\Request), Object(Zend\Stratigility\Http\Response))
#28 /data/www/fenghuolun/flarum/vendor/flarum/core/src/Http/AbstractServer.php(55): Zend\Stratigility\MiddlewarePipe->__invoke(Object(Zend\Diactoros\ServerRequest), Object(Zend\Diactoros\Response), Object(Zend\Stratigility\NoopFinalHandler))
#29 /data/www/fenghuolun/flarum/vendor/zendframework/zend-diactoros/src/Server.php(166): Flarum\Http\AbstractServer->__invoke(Object(Zend\Diactoros\ServerRequest), Object(Zend\Diactoros\Response), Object(Zend\Stratigility\NoopFinalHandler))
#30 /data/www/fenghuolun/flarum/vendor/flarum/core/src/Http/AbstractServer.php(36): Zend\Diactoros\Server->listen(Object(Zend\Stratigility\NoopFinalHandler))
#31 /data/www/fenghuolun/flarum/index.php(16): Flarum\Http\AbstractServer->listen()
#32 {main}  
[2017-11-21 11:57:36] production.DEBUG: exception 'Flarum\Core\Exception\PermissionDeniedException' in /data/www/fenghuolun/flarum/vendor/flarum/core/src/Api/Controller/TokenController.php:66
Stack trace:
#0 /data/www/fenghuolun/flarum/vendor/flarum/core/src/Api/Client.php(69): Flarum\Api\Controller\TokenController->handle(Object(Zend\Diactoros\ServerRequest))
#1 /data/www/fenghuolun/flarum/vendor/flarum/core/src/Forum/Controller/LogInController.php(72): Flarum\Api\Client->send('Flarum\\Api\\Cont...', Object(Flarum\Core\Guest), Array, Array)
#2 /data/www/fenghuolun/flarum/vendor/flarum/core/src/Http/Handler/ControllerRouteHandler.php(53): Flarum\Forum\Controller\LogInController->handle(Object(Zend\Stratigility\Http\Request))
#3 /data/www/fenghuolun/flarum/vendor/flarum/core/src/Http/Middleware/DispatchRoute.php(69): Flarum\Http\Handler\ControllerRouteHandler->__invoke(Object(Zend\Stratigility\Http\Request), Array)
#4 /data/www/fenghuolun/flarum/vendor/zendframework/zend-stratigility/src/Dispatch.php(212): Flarum\Http\Middleware\DispatchRoute->__invoke(Object(Zend\Stratigility\Http\Request), Object(Zend\Stratigility\Http\Response), Object(Zend\Stratigility\Next))
#5 /data/www/fenghuolun/flarum/vendor/zendframework/zend-stratigility/src/Dispatch.php(88): Zend\Stratigility\Dispatch->dispatchCallableMiddleware(Object(Flarum\Http\Middleware\DispatchRoute), Object(Zend\Stratigility\Next), Object(Zend\Stratigility\Http\Request), Object(Zend\Stratigility\Http\Response), NULL)
#6 /data/www/fenghuolun/flarum/vendor/zendframework/zend-stratigility/src/Next.php(160): Zend\Stratigility\Dispatch->__invoke(Object(Zend\Stratigility\Route), NULL, Object(Zend\Stratigility\Http\Request), Object(Zend\Stratigility\Http\Response), Object(Zend\Stratigility\Next))
#7 /data/www/fenghuolun/flarum/vendor/flarum/core/src/Http/Middleware/SetLocale.php(51): Zend\Stratigility\Next->__invoke(Object(Zend\Stratigility\Http\Request), Object(Zend\Stratigility\Http\Response))
#8 /data/www/fenghuolun/flarum/vendor/zendframework/zend-stratigility/src/Dispatch.php(212): Flarum\Http\Middleware\SetLocale->__invoke(Object(Zend\Stratigility\Http\Request), Object(Zend\Stratigility\Http\Response), Object(Zend\Stratigility\Next))
#9 /data/www/fenghuolun/flarum/vendor/zendframework/zend-stratigility/src/Dispatch.php(88): Zend\Stratigility\Dispatch->dispatchCallableMiddleware(Object(Flarum\Http\Middleware\SetLocale), Object(Zend\Stratigility\Next), Object(Zend\Stratigility\Http\Request), Object(Zend\Stratigility\Http\Response), NULL)
#10 /data/www/fenghuolun/flarum/vendor/zendframework/zend-stratigility/src/Next.php(160): Zend\Stratigility\Dispatch->__invoke(Object(Zend\Stratigility\Route), NULL, Object(Zend\Stratigility\Http\Request), Object(Zend\Stratigility\Http\Response), Object(Zend\Stratigility\Next))
#11 /data/www/fenghuolun/flarum/vendor/flarum/core/src/Http/Middleware/AuthenticateWithSession.php(36): Zend\Stratigility\Next->__invoke(Object(Zend\Stratigility\Http\Request), Object(Zend\Stratigility\Http\Response))
#12 /data/www/fenghuolun/flarum/vendor/zendframework/zend-stratigility/src/Dispatch.php(212): Flarum\Http\Middleware\AuthenticateWithSession->__invoke(Object(Zend\Stratigility\Http\Request), Object(Zend\Stratigility\Http\Response), Object(Zend\Stratigility\Next))
#13 /data/www/fenghuolun/flarum/vendor/zendframework/zend-stratigility/src/Dispatch.php(88): Zend\Stratigility\Dispatch->dispatchCallableMiddleware(Object(Flarum\Http\Middleware\AuthenticateWithSession), Object(Zend\Stratigility\Next), Object(Zend\Stratigility\Http\Request), Object(Zend\Stratigility\Http\Response), NULL)
#14 /data/www/fenghuolun/flarum/vendor/zendframework/zend-stratigility/src/Next.php(160): Zend\Stratigility\Dispatch->__invoke(Object(Zend\Stratigility\Route), NULL, Object(Zend\Stratigility\Http\Request), Object(Zend\Stratigility\Http\Response), Object(Zend\Stratigility\Next))
#15 /data/www/fenghuolun/flarum/vendor/flarum/core/src/Http/Middleware/RememberFromCookie.php(39): Zend\Stratigility\Next->__invoke(Object(Zend\Stratigility\Http\Request), Object(Zend\Stratigility\Http\Response))
#16 /data/www/fenghuolun/flarum/vendor/zendframework/zend-stratigility/src/Dispatch.php(212): Flarum\Http\Middleware\RememberFromCookie->__invoke(Object(Zend\Stratigility\Http\Request), Object(Zend\Stratigility\Http\Response), Object(Zend\Stratigility\Next))
#17 /data/www/fenghuolun/flarum/vendor/zendframework/zend-stratigility/src/Dispatch.php(88): Zend\Stratigility\Dispatch->dispatchCallableMiddleware(Object(Flarum\Http\Middleware\RememberFromCookie), Object(Zend\Stratigility\Next), Object(Zend\Stratigility\Http\Request), Object(Zend\Stratigility\Http\Response), NULL)
#18 /data/www/fenghuolun/flarum/vendor/zendframework/zend-stratigility/src/Next.php(160): Zend\Stratigility\Dispatch->__invoke(Object(Zend\Stratigility\Route), NULL, Object(Zend\Stratigility\Http\Request), Object(Zend\Stratigility\Http\Response), Object(Zend\Stratigility\Next))
#19 /data/www/fenghuolun/flarum/vendor/flarum/core/src/Http/Middleware/StartSession.php(48): Zend\Stratigility\Next->__invoke(Object(Zend\Stratigility\Http\Request), Object(Zend\Stratigility\Http\Response))
#20 /data/www/fenghuolun/flarum/vendor/zendframework/zend-stratigility/src/Dispatch.php(212): Flarum\Http\Middleware\StartSession->__invoke(Object(Zend\Stratigility\Http\Request), Object(Zend\Stratigility\Http\Response), Object(Zend\Stratigility\Next))
#21 /data/www/fenghuolun/flarum/vendor/zendframework/zend-stratigility/src/Dispatch.php(88): Zend\Stratigility\Dispatch->dispatchCallableMiddleware(Object(Flarum\Http\Middleware\StartSession), Object(Zend\Stratigility\Next), Object(Zend\Stratigility\Http\Request), Object(Zend\Stratigility\Http\Response), NULL)
#22 /data/www/fenghuolun/flarum/vendor/zendframework/zend-stratigility/src/Next.php(160): Zend\Stratigility\Dispatch->__invoke(Object(Zend\Stratigility\Route), NULL, Object(Zend\Stratigility\Http\Request), Object(Zend\Stratigility\Http\Response), Object(Zend\Stratigility\Next))
#23 /data/www/fenghuolun/flarum/vendor/flarum/core/src/Http/Middleware/ParseJsonBody.php(31): Zend\Stratigility\Next->__invoke(Object(Zend\Stratigility\Http\Request), Object(Zend\Stratigility\Http\Response))
#24 /data/www/fenghuolun/flarum/vendor/zendframework/zend-stratigility/src/Dispatch.php(212): Flarum\Http\Middleware\ParseJsonBody->__invoke(Object(Zend\Stratigility\Http\Request), Object(Zend\Stratigility\Http\Response), Object(Zend\Stratigility\Next))
#25 /data/www/fenghuolun/flarum/vendor/zendframework/zend-stratigility/src/Dispatch.php(88): Zend\Stratigility\Dispatch->dispatchCallableMiddleware(Object(Flarum\Http\Middleware\ParseJsonBody), Object(Zend\Stratigility\Next), Object(Zend\Stratigility\Http\Request), Object(Zend\Stratigility\Http\Response), NULL)
#26 /data/www/fenghuolun/flarum/vendor/zendframework/zend-stratigility/src/Next.php(160): Zend\Stratigility\Dispatch->__invoke(Object(Zend\Stratigility\Route), NULL, Object(Zend\Stratigility\Http\Request), Object(Zend\Stratigility\Http\Response), Object(Zend\Stratigility\Next))
#27 /data/www/fenghuolun/flarum/vendor/flarum/core/src/Http/Middleware/HandleErrors.php(61): Zend\Stratigility\Next->__invoke(Object(Zend\Stratigility\Http\Request), Object(Zend\Stratigility\Http\Response))
#28 /data/www/fenghuolun/flarum/vendor/zendframework/zend-stratigility/src/Dispatch.php(212): Flarum\Http\Middleware\HandleErrors->__invoke(Object(Zend\Stratigility\Http\Request), Object(Zend\Stratigility\Http\Response), Object(Zend\Stratigility\Next))
#29 /data/www/fenghuolun/flarum/vendor/zendframework/zend-stratigility/src/Dispatch.php(88): Zend\Stratigility\Dispatch->dispatchCallableMiddleware(Object(Flarum\Http\Middleware\HandleErrors), Object(Zend\Stratigility\Next), Object(Zend\Stratigility\Http\Request), Object(Zend\Stratigility\Http\Response), NULL)
#30 /data/www/fenghuolun/flarum/vendor/zendframework/zend-stratigility/src/Next.php(160): Zend\Stratigility\Dispatch->__invoke(Object(Zend\Stratigility\Route), NULL, Object(Zend\Stratigility\Http\Request), Object(Zend\Stratigility\Http\Response), Object(Zend\Stratigility\Next))
#31 /data/www/fenghuolun/flarum/vendor/zendframework/zend-stratigility/src/MiddlewarePipe.php(111): Zend\Stratigility\Next->__invoke(Object(Zend\Stratigility\Http\Request), Object(Zend\Stratigility\Http\Response))
#32 /data/www/fenghuolun/flarum/vendor/flarum/core/src/Http/AbstractServer.php(55): Zend\Stratigility\MiddlewarePipe->__invoke(Object(Zend\Diactoros\ServerRequest), Object(Zend\Diactoros\Response), Object(Zend\Stratigility\NoopFinalHandler))
#33 /data/www/fenghuolun/flarum/vendor/zendframework/zend-diactoros/src/Server.php(166): Flarum\Http\AbstractServer->__invoke(Object(Zend\Diactoros\ServerRequest), Object(Zend\Diactoros\Response), Object(Zend\Stratigility\NoopFinalHandler))
#34 /data/www/fenghuolun/flarum/vendor/flarum/core/src/Http/AbstractServer.php(36): Zend\Diactoros\Server->listen(Object(Zend\Stratigility\NoopFinalHandler))
#35 /data/www/fenghuolun/flarum/index.php(16): Flarum\Http\AbstractServer->listen()
#36 {main}  
[2017-11-21 11:58:00] production.DEBUG: exception 'Flarum\Core\Exception\PermissionDeniedException' in /data/www/fenghuolun/flarum/vendor/flarum/core/src/Api/Controller/TokenController.php:66
Stack trace:
#0 /data/www/fenghuolun/flarum/vendor/flarum/core/src/Api/Client.php(69): Flarum\Api\Controller\TokenController->handle(Object(Zend\Diactoros\ServerRequest))
#1 /data/www/fenghuolun/flarum/vendor/flarum/core/src/Forum/Controller/LogInController.php(72): Flarum\Api\Client->send('Flarum\\Api\\Cont...', Object(Flarum\Core\Guest), Array, Array)
#2 /data/www/fenghuolun/flarum/vendor/flarum/core/src/Http/Handler/ControllerRouteHandler.php(53): Flarum\Forum\Controller\LogInController->handle(Object(Zend\Stratigility\Http\Request))
#3 /data/www/fenghuolun/flarum/vendor/flarum/core/src/Http/Middleware/DispatchRoute.php(69): Flarum\Http\Handler\ControllerRouteHandler->__invoke(Object(Zend\Stratigility\Http\Request), Array)
#4 /data/www/fenghuolun/flarum/vendor/zendframework/zend-stratigility/src/Dispatch.php(212): Flarum\Http\Middleware\DispatchRoute->__invoke(Object(Zend\Stratigility\Http\Request), Object(Zend\Stratigility\Http\Response), Object(Zend\Stratigility\Next))
#5 /data/www/fenghuolun/flarum/vendor/zendframework/zend-stratigility/src/Dispatch.php(88): Zend\Stratigility\Dispatch->dispatchCallableMiddleware(Object(Flarum\Http\Middleware\DispatchRoute), Object(Zend\Stratigility\Next), Object(Zend\Stratigility\Http\Request), Object(Zend\Stratigility\Http\Response), NULL)
#6 /data/www/fenghuolun/flarum/vendor/zendframework/zend-stratigility/src/Next.php(160): Zend\Stratigility\Dispatch->__invoke(Object(Zend\Stratigility\Route), NULL, Object(Zend\Stratigility\Http\Request), Object(Zend\Stratigility\Http\Response), Object(Zend\Stratigility\Next))
#7 /data/www/fenghuolun/flarum/vendor/flarum/core/src/Http/Middleware/SetLocale.php(51): Zend\Stratigility\Next->__invoke(Object(Zend\Stratigility\Http\Request), Object(Zend\Stratigility\Http\Response))
#8 /data/www/fenghuolun/flarum/vendor/zendframework/zend-stratigility/src/Dispatch.php(212): Flarum\Http\Middleware\SetLocale->__invoke(Object(Zend\Stratigility\Http\Request), Object(Zend\Stratigility\Http\Response), Object(Zend\Stratigility\Next))
#9 /data/www/fenghuolun/flarum/vendor/zendframework/zend-stratigility/src/Dispatch.php(88): Zend\Stratigility\Dispatch->dispatchCallableMiddleware(Object(Flarum\Http\Middleware\SetLocale), Object(Zend\Stratigility\Next), Object(Zend\Stratigility\Http\Request), Object(Zend\Stratigility\Http\Response), NULL)
#10 /data/www/fenghuolun/flarum/vendor/zendframework/zend-stratigility/src/Next.php(160): Zend\Stratigility\Dispatch->__invoke(Object(Zend\Stratigility\Route), NULL, Object(Zend\Stratigility\Http\Request), Object(Zend\Stratigility\Http\Response), Object(Zend\Stratigility\Next))
#11 /data/www/fenghuolun/flarum/vendor/flarum/core/src/Http/Middleware/AuthenticateWithSession.php(36): Zend\Stratigility\Next->__invoke(Object(Zend\Stratigility\Http\Request), Object(Zend\Stratigility\Http\Response))
#12 /data/www/fenghuolun/flarum/vendor/zendframework/zend-stratigility/src/Dispatch.php(212): Flarum\Http\Middleware\AuthenticateWithSession->__invoke(Object(Zend\Stratigility\Http\Request), Object(Zend\Stratigility\Http\Response), Object(Zend\Stratigility\Next))
#13 /data/www/fenghuolun/flarum/vendor/zendframework/zend-stratigility/src/Dispatch.php(88): Zend\Stratigility\Dispatch->dispatchCallableMiddleware(Object(Flarum\Http\Middleware\AuthenticateWithSession), Object(Zend\Stratigility\Next), Object(Zend\Stratigility\Http\Request), Object(Zend\Stratigility\Http\Response), NULL)
#14 /data/www/fenghuolun/flarum/vendor/zendframework/zend-stratigility/src/Next.php(160): Zend\Stratigility\Dispatch->__invoke(Object(Zend\Stratigility\Route), NULL, Object(Zend\Stratigility\Http\Request), Object(Zend\Stratigility\Http\Response), Object(Zend\Stratigility\Next))
#15 /data/www/fenghuolun/flarum/vendor/flarum/core/src/Http/Middleware/RememberFromCookie.php(39): Zend\Stratigility\Next->__invoke(Object(Zend\Stratigility\Http\Request), Object(Zend\Stratigility\Http\Response))
#16 /data/www/fenghuolun/flarum/vendor/zendframework/zend-stratigility/src/Dispatch.php(212): Flarum\Http\Middleware\RememberFromCookie->__invoke(Object(Zend\Stratigility\Http\Request), Object(Zend\Stratigility\Http\Response), Object(Zend\Stratigility\Next))
#17 /data/www/fenghuolun/flarum/vendor/zendframework/zend-stratigility/src/Dispatch.php(88): Zend\Stratigility\Dispatch->dispatchCallableMiddleware(Object(Flarum\Http\Middleware\RememberFromCookie), Object(Zend\Stratigility\Next), Object(Zend\Stratigility\Http\Request), Object(Zend\Stratigility\Http\Response), NULL)
#18 /data/www/fenghuolun/flarum/vendor/zendframework/zend-stratigility/src/Next.php(160): Zend\Stratigility\Dispatch->__invoke(Object(Zend\Stratigility\Route), NULL, Object(Zend\Stratigility\Http\Request), Object(Zend\Stratigility\Http\Response), Object(Zend\Stratigility\Next))
#19 /data/www/fenghuolun/flarum/vendor/flarum/core/src/Http/Middleware/StartSession.php(48): Zend\Stratigility\Next->__invoke(Object(Zend\Stratigility\Http\Request), Object(Zend\Stratigility\Http\Response))
#20 /data/www/fenghuolun/flarum/vendor/zendframework/zend-stratigility/src/Dispatch.php(212): Flarum\Http\Middleware\StartSession->__invoke(Object(Zend\Stratigility\Http\Request), Object(Zend\Stratigility\Http\Response), Object(Zend\Stratigility\Next))
#21 /data/www/fenghuolun/flarum/vendor/zendframework/zend-stratigility/src/Dispatch.php(88): Zend\Stratigility\Dispatch->dispatchCallableMiddleware(Object(Flarum\Http\Middleware\StartSession), Object(Zend\Stratigility\Next), Object(Zend\Stratigility\Http\Request), Object(Zend\Stratigility\Http\Response), NULL)
#22 /data/www/fenghuolun/flarum/vendor/zendframework/zend-stratigility/src/Next.php(160): Zend\Stratigility\Dispatch->__invoke(Object(Zend\Stratigility\Route), NULL, Object(Zend\Stratigility\Http\Request), Object(Zend\Stratigility\Http\Response), Object(Zend\Stratigility\Next))
#23 /data/www/fenghuolun/flarum/vendor/flarum/core/src/Http/Middleware/ParseJsonBody.php(31): Zend\Stratigility\Next->__invoke(Object(Zend\Stratigility\Http\Request), Object(Zend\Stratigility\Http\Response))
#24 /data/www/fenghuolun/flarum/vendor/zendframework/zend-stratigility/src/Dispatch.php(212): Flarum\Http\Middleware\ParseJsonBody->__invoke(Object(Zend\Stratigility\Http\Request), Object(Zend\Stratigility\Http\Response), Object(Zend\Stratigility\Next))
#25 /data/www/fenghuolun/flarum/vendor/zendframework/zend-stratigility/src/Dispatch.php(88): Zend\Stratigility\Dispatch->dispatchCallableMiddleware(Object(Flarum\Http\Middleware\ParseJsonBody), Object(Zend\Stratigility\Next), Object(Zend\Stratigility\Http\Request), Object(Zend\Stratigility\Http\Response), NULL)
#26 /data/www/fenghuolun/flarum/vendor/zendframework/zend-stratigility/src/Next.php(160): Zend\Stratigility\Dispatch->__invoke(Object(Zend\Stratigility\Route), NULL, Object(Zend\Stratigility\Http\Request), Object(Zend\Stratigility\Http\Response), Object(Zend\Stratigility\Next))
#27 /data/www/fenghuolun/flarum/vendor/flarum/core/src/Http/Middleware/HandleErrors.php(61): Zend\Stratigility\Next->__invoke(Object(Zend\Stratigility\Http\Request), Object(Zend\Stratigility\Http\Response))
#28 /data/www/fenghuolun/flarum/vendor/zendframework/zend-stratigility/src/Dispatch.php(212): Flarum\Http\Middleware\HandleErrors->__invoke(Object(Zend\Stratigility\Http\Request), Object(Zend\Stratigility\Http\Response), Object(Zend\Stratigility\Next))
#29 /data/www/fenghuolun/flarum/vendor/zendframework/zend-stratigility/src/Dispatch.php(88): Zend\Stratigility\Dispatch->dispatchCallableMiddleware(Object(Flarum\Http\Middleware\HandleErrors), Object(Zend\Stratigility\Next), Object(Zend\Stratigility\Http\Request), Object(Zend\Stratigility\Http\Response), NULL)
#30 /data/www/fenghuolun/flarum/vendor/zendframework/zend-stratigility/src/Next.php(160): Zend\Stratigility\Dispatch->__invoke(Object(Zend\Stratigility\Route), NULL, Object(Zend\Stratigility\Http\Request), Object(Zend\Stratigility\Http\Response), Object(Zend\Stratigility\Next))
#31 /data/www/fenghuolun/flarum/vendor/zendframework/zend-stratigility/src/MiddlewarePipe.php(111): Zend\Stratigility\Next->__invoke(Object(Zend\Stratigility\Http\Request), Object(Zend\Stratigility\Http\Response))
#32 /data/www/fenghuolun/flarum/vendor/flarum/core/src/Http/AbstractServer.php(55): Zend\Stratigility\MiddlewarePipe->__invoke(Object(Zend\Diactoros\ServerRequest), Object(Zend\Diactoros\Response), Object(Zend\Stratigility\NoopFinalHandler))
#33 /data/www/fenghuolun/flarum/vendor/zendframework/zend-diactoros/src/Server.php(166): Flarum\Http\AbstractServer->__invoke(Object(Zend\Diactoros\ServerRequest), Object(Zend\Diactoros\Response), Object(Zend\Stratigility\NoopFinalHandler))
#34 /data/www/fenghuolun/flarum/vendor/flarum/core/src/Http/AbstractServer.php(36): Zend\Diactoros\Server->listen(Object(Zend\Stratigility\NoopFinalHandler))
#35 /data/www/fenghuolun/flarum/index.php(16): Flarum\Http\AbstractServer->listen()
#36 {main}  
[2017-11-21 11:58:59] production.DEBUG: exception 'Flarum\Core\Exception\PermissionDeniedException' in /data/www/fenghuolun/flarum/vendor/flarum/core/src/Api/Controller/TokenController.php:66
Stack trace:
#0 /data/www/fenghuolun/flarum/vendor/flarum/core/src/Api/Client.php(69): Flarum\Api\Controller\TokenController->handle(Object(Zend\Diactoros\ServerRequest))
#1 /data/www/fenghuolun/flarum/vendor/flarum/core/src/Forum/Controller/LogInController.php(72): Flarum\Api\Client->send('Flarum\\Api\\Cont...', Object(Flarum\Core\Guest), Array, Array)
#2 /data/www/fenghuolun/flarum/vendor/flarum/core/src/Http/Handler/ControllerRouteHandler.php(53): Flarum\Forum\Controller\LogInController->handle(Object(Zend\Stratigility\Http\Request))
#3 /data/www/fenghuolun/flarum/vendor/flarum/core/src/Http/Middleware/DispatchRoute.php(69): Flarum\Http\Handler\ControllerRouteHandler->__invoke(Object(Zend\Stratigility\Http\Request), Array)
#4 /data/www/fenghuolun/flarum/vendor/zendframework/zend-stratigility/src/Dispatch.php(212): Flarum\Http\Middleware\DispatchRoute->__invoke(Object(Zend\Stratigility\Http\Request), Object(Zend\Stratigility\Http\Response), Object(Zend\Stratigility\Next))
#5 /data/www/fenghuolun/flarum/vendor/zendframework/zend-stratigility/src/Dispatch.php(88): Zend\Stratigility\Dispatch->dispatchCallableMiddleware(Object(Flarum\Http\Middleware\DispatchRoute), Object(Zend\Stratigility\Next), Object(Zend\Stratigility\Http\Request), Object(Zend\Stratigility\Http\Response), NULL)
#6 /data/www/fenghuolun/flarum/vendor/zendframework/zend-stratigility/src/Next.php(160): Zend\Stratigility\Dispatch->__invoke(Object(Zend\Stratigility\Route), NULL, Object(Zend\Stratigility\Http\Request), Object(Zend\Stratigility\Http\Response), Object(Zend\Stratigility\Next))
#7 /data/www/fenghuolun/flarum/vendor/flarum/core/src/Http/Middleware/SetLocale.php(51): Zend\Stratigility\Next->__invoke(Object(Zend\Stratigility\Http\Request), Object(Zend\Stratigility\Http\Response))
#8 /data/www/fenghuolun/flarum/vendor/zendframework/zend-stratigility/src/Dispatch.php(212): Flarum\Http\Middleware\SetLocale->__invoke(Object(Zend\Stratigility\Http\Request), Object(Zend\Stratigility\Http\Response), Object(Zend\Stratigility\Next))
#9 /data/www/fenghuolun/flarum/vendor/zendframework/zend-stratigility/src/Dispatch.php(88): Zend\Stratigility\Dispatch->dispatchCallableMiddleware(Object(Flarum\Http\Middleware\SetLocale), Object(Zend\Stratigility\Next), Object(Zend\Stratigility\Http\Request), Object(Zend\Stratigility\Http\Response), NULL)
#10 /data/www/fenghuolun/flarum/vendor/zendframework/zend-stratigility/src/Next.php(160): Zend\Stratigility\Dispatch->__invoke(Object(Zend\Stratigility\Route), NULL, Object(Zend\Stratigility\Http\Request), Object(Zend\Stratigility\Http\Response), Object(Zend\Stratigility\Next))
#11 /data/www/fenghuolun/flarum/vendor/flarum/core/src/Http/Middleware/AuthenticateWithSession.php(36): Zend\Stratigility\Next->__invoke(Object(Zend\Stratigility\Http\Request), Object(Zend\Stratigility\Http\Response))
#12 /data/www/fenghuolun/flarum/vendor/zendframework/zend-stratigility/src/Dispatch.php(212): Flarum\Http\Middleware\AuthenticateWithSession->__invoke(Object(Zend\Stratigility\Http\Request), Object(Zend\Stratigility\Http\Response), Object(Zend\Stratigility\Next))
#13 /data/www/fenghuolun/flarum/vendor/zendframework/zend-stratigility/src/Dispatch.php(88): Zend\Stratigility\Dispatch->dispatchCallableMiddleware(Object(Flarum\Http\Middleware\AuthenticateWithSession), Object(Zend\Stratigility\Next), Object(Zend\Stratigility\Http\Request), Object(Zend\Stratigility\Http\Response), NULL)
#14 /data/www/fenghuolun/flarum/vendor/zendframework/zend-stratigility/src/Next.php(160): Zend\Stratigility\Dispatch->__invoke(Object(Zend\Stratigility\Route), NULL, Object(Zend\Stratigility\Http\Request), Object(Zend\Stratigility\Http\Response), Object(Zend\Stratigility\Next))
#15 /data/www/fenghuolun/flarum/vendor/flarum/core/src/Http/Middleware/RememberFromCookie.php(39): Zend\Stratigility\Next->__invoke(Object(Zend\Stratigility\Http\Request), Object(Zend\Stratigility\Http\Response))
#16 /data/www/fenghuolun/flarum/vendor/zendframework/zend-stratigility/src/Dispatch.php(212): Flarum\Http\Middleware\RememberFromCookie->__invoke(Object(Zend\Stratigility\Http\Request), Object(Zend\Stratigility\Http\Response), Object(Zend\Stratigility\Next))
#17 /data/www/fenghuolun/flarum/vendor/zendframework/zend-stratigility/src/Dispatch.php(88): Zend\Stratigility\Dispatch->dispatchCallableMiddleware(Object(Flarum\Http\Middleware\RememberFromCookie), Object(Zend\Stratigility\Next), Object(Zend\Stratigility\Http\Request), Object(Zend\Stratigility\Http\Response), NULL)
#18 /data/www/fenghuolun/flarum/vendor/zendframework/zend-stratigility/src/Next.php(160): Zend\Stratigility\Dispatch->__invoke(Object(Zend\Stratigility\Route), NULL, Object(Zend\Stratigility\Http\Request), Object(Zend\Stratigility\Http\Response), Object(Zend\Stratigility\Next))
#19 /data/www/fenghuolun/flarum/vendor/flarum/core/src/Http/Middleware/StartSession.php(48): Zend\Stratigility\Next->__invoke(Object(Zend\Stratigility\Http\Request), Object(Zend\Stratigility\Http\Response))
#20 /data/www/fenghuolun/flarum/vendor/zendframework/zend-stratigility/src/Dispatch.php(212): Flarum\Http\Middleware\StartSession->__invoke(Object(Zend\Stratigility\Http\Request), Object(Zend\Stratigility\Http\Response), Object(Zend\Stratigility\Next))
#21 /data/www/fenghuolun/flarum/vendor/zendframework/zend-stratigility/src/Dispatch.php(88): Zend\Stratigility\Dispatch->dispatchCallableMiddleware(Object(Flarum\Http\Middleware\StartSession), Object(Zend\Stratigility\Next), Object(Zend\Stratigility\Http\Request), Object(Zend\Stratigility\Http\Response), NULL)
#22 /data/www/fenghuolun/flarum/vendor/zendframework/zend-stratigility/src/Next.php(160): Zend\Stratigility\Dispatch->__invoke(Object(Zend\Stratigility\Route), NULL, Object(Zend\Stratigility\Http\Request), Object(Zend\Stratigility\Http\Response), Object(Zend\Stratigility\Next))
#23 /data/www/fenghuolun/flarum/vendor/flarum/core/src/Http/Middleware/ParseJsonBody.php(31): Zend\Stratigility\Next->__invoke(Object(Zend\Stratigility\Http\Request), Object(Zend\Stratigility\Http\Response))
#24 /data/www/fenghuolun/flarum/vendor/zendframework/zend-stratigility/src/Dispatch.php(212): Flarum\Http\Middleware\ParseJsonBody->__invoke(Object(Zend\Stratigility\Http\Request), Object(Zend\Stratigility\Http\Response), Object(Zend\Stratigility\Next))
#25 /data/www/fenghuolun/flarum/vendor/zendframework/zend-stratigility/src/Dispatch.php(88): Zend\Stratigility\Dispatch->dispatchCallableMiddleware(Object(Flarum\Http\Middleware\ParseJsonBody), Object(Zend\Stratigility\Next), Object(Zend\Stratigility\Http\Request), Object(Zend\Stratigility\Http\Response), NULL)
#26 /data/www/fenghuolun/flarum/vendor/zendframework/zend-stratigility/src/Next.php(160): Zend\Stratigility\Dispatch->__invoke(Object(Zend\Stratigility\Route), NULL, Object(Zend\Stratigility\Http\Request), Object(Zend\Stratigility\Http\Response), Object(Zend\Stratigility\Next))
#27 /data/www/fenghuolun/flarum/vendor/flarum/core/src/Http/Middleware/HandleErrors.php(61): Zend\Stratigility\Next->__invoke(Object(Zend\Stratigility\Http\Request), Object(Zend\Stratigility\Http\Response))
#28 /data/www/fenghuolun/flarum/vendor/zendframework/zend-stratigility/src/Dispatch.php(212): Flarum\Http\Middleware\HandleErrors->__invoke(Object(Zend\Stratigility\Http\Request), Object(Zend\Stratigility\Http\Response), Object(Zend\Stratigility\Next))
#29 /data/www/fenghuolun/flarum/vendor/zendframework/zend-stratigility/src/Dispatch.php(88): Zend\Stratigility\Dispatch->dispatchCallableMiddleware(Object(Flarum\Http\Middleware\HandleErrors), Object(Zend\Stratigility\Next), Object(Zend\Stratigility\Http\Request), Object(Zend\Stratigility\Http\Response), NULL)
#30 /data/www/fenghuolun/flarum/vendor/zendframework/zend-stratigility/src/Next.php(160): Zend\Stratigility\Dispatch->__invoke(Object(Zend\Stratigility\Route), NULL, Object(Zend\Stratigility\Http\Request), Object(Zend\Stratigility\Http\Response), Object(Zend\Stratigility\Next))
#31 /data/www/fenghuolun/flarum/vendor/zendframework/zend-stratigility/src/MiddlewarePipe.php(111): Zend\Stratigility\Next->__invoke(Object(Zend\Stratigility\Http\Request), Object(Zend\Stratigility\Http\Response))
#32 /data/www/fenghuolun/flarum/vendor/flarum/core/src/Http/AbstractServer.php(55): Zend\Stratigility\MiddlewarePipe->__invoke(Object(Zend\Diactoros\ServerRequest), Object(Zend\Diactoros\Response), Object(Zend\Stratigility\NoopFinalHandler))
#33 /data/www/fenghuolun/flarum/vendor/zendframework/zend-diactoros/src/Server.php(166): Flarum\Http\AbstractServer->__invoke(Object(Zend\Diactoros\ServerRequest), Object(Zend\Diactoros\Response), Object(Zend\Stratigility\NoopFinalHandler))
#34 /data/www/fenghuolun/flarum/vendor/flarum/core/src/Http/AbstractServer.php(36): Zend\Diactoros\Server->listen(Object(Zend\Stratigility\NoopFinalHandler))
#35 /data/www/fenghuolun/flarum/index.php(16): Flarum\Http\AbstractServer->listen()
#36 {main}  
[2017-11-21 11:59:54] production.DEBUG: exception 'Flarum\Core\Exception\PermissionDeniedException' in /data/www/fenghuolun/flarum/vendor/flarum/core/src/Api/Controller/TokenController.php:66
Stack trace:
#0 /data/www/fenghuolun/flarum/vendor/flarum/core/src/Api/Client.php(69): Flarum\Api\Controller\TokenController->handle(Object(Zend\Diactoros\ServerRequest))
#1 /data/www/fenghuolun/flarum/vendor/flarum/core/src/Forum/Controller/LogInController.php(72): Flarum\Api\Client->send('Flarum\\Api\\Cont...', Object(Flarum\Core\Guest), Array, Array)
#2 /data/www/fenghuolun/flarum/vendor/flarum/core/src/Http/Handler/ControllerRouteHandler.php(53): Flarum\Forum\Controller\LogInController->handle(Object(Zend\Stratigility\Http\Request))
#3 /data/www/fenghuolun/flarum/vendor/flarum/core/src/Http/Middleware/DispatchRoute.php(69): Flarum\Http\Handler\ControllerRouteHandler->__invoke(Object(Zend\Stratigility\Http\Request), Array)
#4 /data/www/fenghuolun/flarum/vendor/zendframework/zend-stratigility/src/Dispatch.php(212): Flarum\Http\Middleware\DispatchRoute->__invoke(Object(Zend\Stratigility\Http\Request), Object(Zend\Stratigility\Http\Response), Object(Zend\Stratigility\Next))
#5 /data/www/fenghuolun/flarum/vendor/zendframework/zend-stratigility/src/Dispatch.php(88): Zend\Stratigility\Dispatch->dispatchCallableMiddleware(Object(Flarum\Http\Middleware\DispatchRoute), Object(Zend\Stratigility\Next), Object(Zend\Stratigility\Http\Request), Object(Zend\Stratigility\Http\Response), NULL)
#6 /data/www/fenghuolun/flarum/vendor/zendframework/zend-stratigility/src/Next.php(160): Zend\Stratigility\Dispatch->__invoke(Object(Zend\Stratigility\Route), NULL, Object(Zend\Stratigility\Http\Request), Object(Zend\Stratigility\Http\Response), Object(Zend\Stratigility\Next))
#7 /data/www/fenghuolun/flarum/vendor/flarum/core/src/Http/Middleware/SetLocale.php(51): Zend\Stratigility\Next->__invoke(Object(Zend\Stratigility\Http\Request), Object(Zend\Stratigility\Http\Response))
#8 /data/www/fenghuolun/flarum/vendor/zendframework/zend-stratigility/src/Dispatch.php(212): Flarum\Http\Middleware\SetLocale->__invoke(Object(Zend\Stratigility\Http\Request), Object(Zend\Stratigility\Http\Response), Object(Zend\Stratigility\Next))
#9 /data/www/fenghuolun/flarum/vendor/zendframework/zend-stratigility/src/Dispatch.php(88): Zend\Stratigility\Dispatch->dispatchCallableMiddleware(Object(Flarum\Http\Middleware\SetLocale), Object(Zend\Stratigility\Next), Object(Zend\Stratigility\Http\Request), Object(Zend\Stratigility\Http\Response), NULL)
#10 /data/www/fenghuolun/flarum/vendor/zendframework/zend-stratigility/src/Next.php(160): Zend\Stratigility\Dispatch->__invoke(Object(Zend\Stratigility\Route), NULL, Object(Zend\Stratigility\Http\Request), Object(Zend\Stratigility\Http\Response), Object(Zend\Stratigility\Next))
#11 /data/www/fenghuolun/flarum/vendor/flarum/core/src/Http/Middleware/AuthenticateWithSession.php(36): Zend\Stratigility\Next->__invoke(Object(Zend\Stratigility\Http\Request), Object(Zend\Stratigility\Http\Response))
#12 /data/www/fenghuolun/flarum/vendor/zendframework/zend-stratigility/src/Dispatch.php(212): Flarum\Http\Middleware\AuthenticateWithSession->__invoke(Object(Zend\Stratigility\Http\Request), Object(Zend\Stratigility\Http\Response), Object(Zend\Stratigility\Next))
#13 /data/www/fenghuolun/flarum/vendor/zendframework/zend-stratigility/src/Dispatch.php(88): Zend\Stratigility\Dispatch->dispatchCallableMiddleware(Object(Flarum\Http\Middleware\AuthenticateWithSession), Object(Zend\Stratigility\Next), Object(Zend\Stratigility\Http\Request), Object(Zend\Stratigility\Http\Response), NULL)
#14 /data/www/fenghuolun/flarum/vendor/zendframework/zend-stratigility/src/Next.php(160): Zend\Stratigility\Dispatch->__invoke(Object(Zend\Stratigility\Route), NULL, Object(Zend\Stratigility\Http\Request), Object(Zend\Stratigility\Http\Response), Object(Zend\Stratigility\Next))
#15 /data/www/fenghuolun/flarum/vendor/flarum/core/src/Http/Middleware/RememberFromCookie.php(39): Zend\Stratigility\Next->__invoke(Object(Zend\Stratigility\Http\Request), Object(Zend\Stratigility\Http\Response))
#16 /data/www/fenghuolun/flarum/vendor/zendframework/zend-stratigility/src/Dispatch.php(212): Flarum\Http\Middleware\RememberFromCookie->__invoke(Object(Zend\Stratigility\Http\Request), Object(Zend\Stratigility\Http\Response), Object(Zend\Stratigility\Next))
#17 /data/www/fenghuolun/flarum/vendor/zendframework/zend-stratigility/src/Dispatch.php(88): Zend\Stratigility\Dispatch->dispatchCallableMiddleware(Object(Flarum\Http\Middleware\RememberFromCookie), Object(Zend\Stratigility\Next), Object(Zend\Stratigility\Http\Request), Object(Zend\Stratigility\Http\Response), NULL)
#18 /data/www/fenghuolun/flarum/vendor/zendframework/zend-stratigility/src/Next.php(160): Zend\Stratigility\Dispatch->__invoke(Object(Zend\Stratigility\Route), NULL, Object(Zend\Stratigility\Http\Request), Object(Zend\Stratigility\Http\Response), Object(Zend\Stratigility\Next))
#19 /data/www/fenghuolun/flarum/vendor/flarum/core/src/Http/Middleware/StartSession.php(48): Zend\Stratigility\Next->__invoke(Object(Zend\Stratigility\Http\Request), Object(Zend\Stratigility\Http\Response))
#20 /data/www/fenghuolun/flarum/vendor/zendframework/zend-stratigility/src/Dispatch.php(212): Flarum\Http\Middleware\StartSession->__invoke(Object(Zend\Stratigility\Http\Request), Object(Zend\Stratigility\Http\Response), Object(Zend\Stratigility\Next))
#21 /data/www/fenghuolun/flarum/vendor/zendframework/zend-stratigility/src/Dispatch.php(88): Zend\Stratigility\Dispatch->dispatchCallableMiddleware(Object(Flarum\Http\Middleware\StartSession), Object(Zend\Stratigility\Next), Object(Zend\Stratigility\Http\Request), Object(Zend\Stratigility\Http\Response), NULL)
#22 /data/www/fenghuolun/flarum/vendor/zendframework/zend-stratigility/src/Next.php(160): Zend\Stratigility\Dispatch->__invoke(Object(Zend\Stratigility\Route), NULL, Object(Zend\Stratigility\Http\Request), Object(Zend\Stratigility\Http\Response), Object(Zend\Stratigility\Next))
#23 /data/www/fenghuolun/flarum/vendor/flarum/core/src/Http/Middleware/ParseJsonBody.php(31): Zend\Stratigility\Next->__invoke(Object(Zend\Stratigility\Http\Request), Object(Zend\Stratigility\Http\Response))
#24 /data/www/fenghuolun/flarum/vendor/zendframework/zend-stratigility/src/Dispatch.php(212): Flarum\Http\Middleware\ParseJsonBody->__invoke(Object(Zend\Stratigility\Http\Request), Object(Zend\Stratigility\Http\Response), Object(Zend\Stratigility\Next))
#25 /data/www/fenghuolun/flarum/vendor/zendframework/zend-stratigility/src/Dispatch.php(88): Zend\Stratigility\Dispatch->dispatchCallableMiddleware(Object(Flarum\Http\Middleware\ParseJsonBody), Object(Zend\Stratigility\Next), Object(Zend\Stratigility\Http\Request), Object(Zend\Stratigility\Http\Response), NULL)
#26 /data/www/fenghuolun/flarum/vendor/zendframework/zend-stratigility/src/Next.php(160): Zend\Stratigility\Dispatch->__invoke(Object(Zend\Stratigility\Route), NULL, Object(Zend\Stratigility\Http\Request), Object(Zend\Stratigility\Http\Response), Object(Zend\Stratigility\Next))
#27 /data/www/fenghuolun/flarum/vendor/flarum/core/src/Http/Middleware/HandleErrors.php(61): Zend\Stratigility\Next->__invoke(Object(Zend\Stratigility\Http\Request), Object(Zend\Stratigility\Http\Response))
#28 /data/www/fenghuolun/flarum/vendor/zendframework/zend-stratigility/src/Dispatch.php(212): Flarum\Http\Middleware\HandleErrors->__invoke(Object(Zend\Stratigility\Http\Request), Object(Zend\Stratigility\Http\Response), Object(Zend\Stratigility\Next))
#29 /data/www/fenghuolun/flarum/vendor/zendframework/zend-stratigility/src/Dispatch.php(88): Zend\Stratigility\Dispatch->dispatchCallableMiddleware(Object(Flarum\Http\Middleware\HandleErrors), Object(Zend\Stratigility\Next), Object(Zend\Stratigility\Http\Request), Object(Zend\Stratigility\Http\Response), NULL)
#30 /data/www/fenghuolun/flarum/vendor/zendframework/zend-stratigility/src/Next.php(160): Zend\Stratigility\Dispatch->__invoke(Object(Zend\Stratigility\Route), NULL, Object(Zend\Stratigility\Http\Request), Object(Zend\Stratigility\Http\Response), Object(Zend\Stratigility\Next))
#31 /data/www/fenghuolun/flarum/vendor/zendframework/zend-stratigility/src/MiddlewarePipe.php(111): Zend\Stratigility\Next->__invoke(Object(Zend\Stratigility\Http\Request), Object(Zend\Stratigility\Http\Response))
#32 /data/www/fenghuolun/flarum/vendor/flarum/core/src/Http/AbstractServer.php(55): Zend\Stratigility\MiddlewarePipe->__invoke(Object(Zend\Diactoros\ServerRequest), Object(Zend\Diactoros\Response), Object(Zend\Stratigility\NoopFinalHandler))
#33 /data/www/fenghuolun/flarum/vendor/zendframework/zend-diactoros/src/Server.php(166): Flarum\Http\AbstractServer->__invoke(Object(Zend\Diactoros\ServerRequest), Object(Zend\Diactoros\Response), Object(Zend\Stratigility\NoopFinalHandler))
#34 /data/www/fenghuolun/flarum/vendor/flarum/core/src/Http/AbstractServer.php(36): Zend\Diactoros\Server->listen(Object(Zend\Stratigility\NoopFinalHandler))
#35 /data/www/fenghuolun/flarum/index.php(16): Flarum\Http\AbstractServer->listen()
#36 {main}  
[2017-11-21 12:00:48] production.DEBUG: exception 'Flarum\Core\Exception\PermissionDeniedException' in /data/www/fenghuolun/flarum/vendor/flarum/core/src/Api/Controller/TokenController.php:66
Stack trace:
#0 /data/www/fenghuolun/flarum/vendor/flarum/core/src/Api/Client.php(69): Flarum\Api\Controller\TokenController->handle(Object(Zend\Diactoros\ServerRequest))
#1 /data/www/fenghuolun/flarum/vendor/flarum/core/src/Forum/Controller/LogInController.php(72): Flarum\Api\Client->send('Flarum\\Api\\Cont...', Object(Flarum\Core\Guest), Array, Array)
#2 /data/www/fenghuolun/flarum/vendor/flarum/core/src/Http/Handler/ControllerRouteHandler.php(53): Flarum\Forum\Controller\LogInController->handle(Object(Zend\Stratigility\Http\Request))
#3 /data/www/fenghuolun/flarum/vendor/flarum/core/src/Http/Middleware/DispatchRoute.php(69): Flarum\Http\Handler\ControllerRouteHandler->__invoke(Object(Zend\Stratigility\Http\Request), Array)
#4 /data/www/fenghuolun/flarum/vendor/zendframework/zend-stratigility/src/Dispatch.php(212): Flarum\Http\Middleware\DispatchRoute->__invoke(Object(Zend\Stratigility\Http\Request), Object(Zend\Stratigility\Http\Response), Object(Zend\Stratigility\Next))
#5 /data/www/fenghuolun/flarum/vendor/zendframework/zend-stratigility/src/Dispatch.php(88): Zend\Stratigility\Dispatch->dispatchCallableMiddleware(Object(Flarum\Http\Middleware\DispatchRoute), Object(Zend\Stratigility\Next), Object(Zend\Stratigility\Http\Request), Object(Zend\Stratigility\Http\Response), NULL)
#6 /data/www/fenghuolun/flarum/vendor/zendframework/zend-stratigility/src/Next.php(160): Zend\Stratigility\Dispatch->__invoke(Object(Zend\Stratigility\Route), NULL, Object(Zend\Stratigility\Http\Request), Object(Zend\Stratigility\Http\Response), Object(Zend\Stratigility\Next))
#7 /data/www/fenghuolun/flarum/vendor/flarum/core/src/Http/Middleware/SetLocale.php(51): Zend\Stratigility\Next->__invoke(Object(Zend\Stratigility\Http\Request), Object(Zend\Stratigility\Http\Response))
#8 /data/www/fenghuolun/flarum/vendor/zendframework/zend-stratigility/src/Dispatch.php(212): Flarum\Http\Middleware\SetLocale->__invoke(Object(Zend\Stratigility\Http\Request), Object(Zend\Stratigility\Http\Response), Object(Zend\Stratigility\Next))
#9 /data/www/fenghuolun/flarum/vendor/zendframework/zend-stratigility/src/Dispatch.php(88): Zend\Stratigility\Dispatch->dispatchCallableMiddleware(Object(Flarum\Http\Middleware\SetLocale), Object(Zend\Stratigility\Next), Object(Zend\Stratigility\Http\Request), Object(Zend\Stratigility\Http\Response), NULL)
#10 /data/www/fenghuolun/flarum/vendor/zendframework/zend-stratigility/src/Next.php(160): Zend\Stratigility\Dispatch->__invoke(Object(Zend\Stratigility\Route), NULL, Object(Zend\Stratigility\Http\Request), Object(Zend\Stratigility\Http\Response), Object(Zend\Stratigility\Next))
#11 /data/www/fenghuolun/flarum/vendor/flarum/core/src/Http/Middleware/AuthenticateWithSession.php(36): Zend\Stratigility\Next->__invoke(Object(Zend\Stratigility\Http\Request), Object(Zend\Stratigility\Http\Response))
#12 /data/www/fenghuolun/flarum/vendor/zendframework/zend-stratigility/src/Dispatch.php(212): Flarum\Http\Middleware\AuthenticateWithSession->__invoke(Object(Zend\Stratigility\Http\Request), Object(Zend\Stratigility\Http\Response), Object(Zend\Stratigility\Next))
#13 /data/www/fenghuolun/flarum/vendor/zendframework/zend-stratigility/src/Dispatch.php(88): Zend\Stratigility\Dispatch->dispatchCallableMiddleware(Object(Flarum\Http\Middleware\AuthenticateWithSession), Object(Zend\Stratigility\Next), Object(Zend\Stratigility\Http\Request), Object(Zend\Stratigility\Http\Response), NULL)
#14 /data/www/fenghuolun/flarum/vendor/zendframework/zend-stratigility/src/Next.php(160): Zend\Stratigility\Dispatch->__invoke(Object(Zend\Stratigility\Route), NULL, Object(Zend\Stratigility\Http\Request), Object(Zend\Stratigility\Http\Response), Object(Zend\Stratigility\Next))
#15 /data/www/fenghuolun/flarum/vendor/flarum/core/src/Http/Middleware/RememberFromCookie.php(39): Zend\Stratigility\Next->__invoke(Object(Zend\Stratigility\Http\Request), Object(Zend\Stratigility\Http\Response))
#16 /data/www/fenghuolun/flarum/vendor/zendframework/zend-stratigility/src/Dispatch.php(212): Flarum\Http\Middleware\RememberFromCookie->__invoke(Object(Zend\Stratigility\Http\Request), Object(Zend\Stratigility\Http\Response), Object(Zend\Stratigility\Next))
#17 /data/www/fenghuolun/flarum/vendor/zendframework/zend-stratigility/src/Dispatch.php(88): Zend\Stratigility\Dispatch->dispatchCallableMiddleware(Object(Flarum\Http\Middleware\RememberFromCookie), Object(Zend\Stratigility\Next), Object(Zend\Stratigility\Http\Request), Object(Zend\Stratigility\Http\Response), NULL)
#18 /data/www/fenghuolun/flarum/vendor/zendframework/zend-stratigility/src/Next.php(160): Zend\Stratigility\Dispatch->__invoke(Object(Zend\Stratigility\Route), NULL, Object(Zend\Stratigility\Http\Request), Object(Zend\Stratigility\Http\Response), Object(Zend\Stratigility\Next))
#19 /data/www/fenghuolun/flarum/vendor/flarum/core/src/Http/Middleware/StartSession.php(48): Zend\Stratigility\Next->__invoke(Object(Zend\Stratigility\Http\Request), Object(Zend\Stratigility\Http\Response))
#20 /data/www/fenghuolun/flarum/vendor/zendframework/zend-stratigility/src/Dispatch.php(212): Flarum\Http\Middleware\StartSession->__invoke(Object(Zend\Stratigility\Http\Request), Object(Zend\Stratigility\Http\Response), Object(Zend\Stratigility\Next))
#21 /data/www/fenghuolun/flarum/vendor/zendframework/zend-stratigility/src/Dispatch.php(88): Zend\Stratigility\Dispatch->dispatchCallableMiddleware(Object(Flarum\Http\Middleware\StartSession), Object(Zend\Stratigility\Next), Object(Zend\Stratigility\Http\Request), Object(Zend\Stratigility\Http\Response), NULL)
#22 /data/www/fenghuolun/flarum/vendor/zendframework/zend-stratigility/src/Next.php(160): Zend\Stratigility\Dispatch->__invoke(Object(Zend\Stratigility\Route), NULL, Object(Zend\Stratigility\Http\Request), Object(Zend\Stratigility\Http\Response), Object(Zend\Stratigility\Next))
#23 /data/www/fenghuolun/flarum/vendor/flarum/core/src/Http/Middleware/ParseJsonBody.php(31): Zend\Stratigility\Next->__invoke(Object(Zend\Stratigility\Http\Request), Object(Zend\Stratigility\Http\Response))
#24 /data/www/fenghuolun/flarum/vendor/zendframework/zend-stratigility/src/Dispatch.php(212): Flarum\Http\Middleware\ParseJsonBody->__invoke(Object(Zend\Stratigility\Http\Request), Object(Zend\Stratigility\Http\Response), Object(Zend\Stratigility\Next))
#25 /data/www/fenghuolun/flarum/vendor/zendframework/zend-stratigility/src/Dispatch.php(88): Zend\Stratigility\Dispatch->dispatchCallableMiddleware(Object(Flarum\Http\Middleware\ParseJsonBody), Object(Zend\Stratigility\Next), Object(Zend\Stratigility\Http\Request), Object(Zend\Stratigility\Http\Response), NULL)
#26 /data/www/fenghuolun/flarum/vendor/zendframework/zend-stratigility/src/Next.php(160): Zend\Stratigility\Dispatch->__invoke(Object(Zend\Stratigility\Route), NULL, Object(Zend\Stratigility\Http\Request), Object(Zend\Stratigility\Http\Response), Object(Zend\Stratigility\Next))
#27 /data/www/fenghuolun/flarum/vendor/flarum/core/src/Http/Middleware/HandleErrors.php(61): Zend\Stratigility\Next->__invoke(Object(Zend\Stratigility\Http\Request), Object(Zend\Stratigility\Http\Response))
#28 /data/www/fenghuolun/flarum/vendor/zendframework/zend-stratigility/src/Dispatch.php(212): Flarum\Http\Middleware\HandleErrors->__invoke(Object(Zend\Stratigility\Http\Request), Object(Zend\Stratigility\Http\Response), Object(Zend\Stratigility\Next))
#29 /data/www/fenghuolun/flarum/vendor/zendframework/zend-stratigility/src/Dispatch.php(88): Zend\Stratigility\Dispatch->dispatchCallableMiddleware(Object(Flarum\Http\Middleware\HandleErrors), Object(Zend\Stratigility\Next), Object(Zend\Stratigility\Http\Request), Object(Zend\Stratigility\Http\Response), NULL)
#30 /data/www/fenghuolun/flarum/vendor/zendframework/zend-stratigility/src/Next.php(160): Zend\Stratigility\Dispatch->__invoke(Object(Zend\Stratigility\Route), NULL, Object(Zend\Stratigility\Http\Request), Object(Zend\Stratigility\Http\Response), Object(Zend\Stratigility\Next))
#31 /data/www/fenghuolun/flarum/vendor/zendframework/zend-stratigility/src/MiddlewarePipe.php(111): Zend\Stratigility\Next->__invoke(Object(Zend\Stratigility\Http\Request), Object(Zend\Stratigility\Http\Response))
#32 /data/www/fenghuolun/flarum/vendor/flarum/core/src/Http/AbstractServer.php(55): Zend\Stratigility\MiddlewarePipe->__invoke(Object(Zend\Diactoros\ServerRequest), Object(Zend\Diactoros\Response), Object(Zend\Stratigility\NoopFinalHandler))
#33 /data/www/fenghuolun/flarum/vendor/zendframework/zend-diactoros/src/Server.php(166): Flarum\Http\AbstractServer->__invoke(Object(Zend\Diactoros\ServerRequest), Object(Zend\Diactoros\Response), Object(Zend\Stratigility\NoopFinalHandler))
#34 /data/www/fenghuolun/flarum/vendor/flarum/core/src/Http/AbstractServer.php(36): Zend\Diactoros\Server->listen(Object(Zend\Stratigility\NoopFinalHandler))
#35 /data/www/fenghuolun/flarum/index.php(16): Flarum\Http\AbstractServer->listen()
#36 {main}  
